<?xml version="1.0" encoding="UTF-8"?>
<testsuite xmlns:xsi="http://www.w3.org/2001/XMLSchema-instance" xsi:noNamespaceSchemaLocation="https://maven.apache.org/surefire/maven-surefire-plugin/xsd/surefire-test-report.xsd" name="uk.bostock.leaderboard.ScoreDaoTest" time="1.537" tests="2" errors="0" skipped="0" failures="0">
  <properties>
[...]
</properties>
  <testcase name="storesAndReturnsScores" classname="uk.bostock.leaderboard.ScoreDaoTest" time="1.109"/>
  <testcase name="ReturnsTopNScores" classname="uk.bostock.leaderboard.ScoreDaoTest" time="0.402"/>
</testsuite>